....................
WiFi connection failed!
Attempting WiFi connection with current credentials...
Attempting to connect to WiFi: TP-LINK_7EF4
.............................
WiFi connection failed!
Attempting WiFi connection with current credentials...
Attempting to connect to WiFi: TP-LINK_7EF4
.............................
WiFi connection failed!
Attempting WiFi connection with current credentials...
Attempting to connect to WiFi: TP-LINK_7EF4
.............................
WiFi connection failed!
Attempting WiFi connection with current credentials...
Attempting to connect to WiFi: TP-LINK_7EF4
.............................
WiFi connection failed!
Attempting WiFi connection with current credentials...
Attempting to connect to WiFi: TP-LINK_7EF4
.............................
WiFi connection failed!
Attempting WiFi connection with current credentials...
Attempting to connect to WiFi: TP-LINK_7EF4
.............................
WiFi connection failed!
Attempting WiFi connection with current credentials...
Attempting to connect to WiFi: TP-LINK_7EF4
.............................
WiFi connection failed!
Attempting WiFi connection with current credentials...
Attempting to connect to WiFi: TP-LINK_7EF4
.............................
WiFi connection failed!
